* using log directory 'C:/Users/evere/Documents/School/Spring 2019/Stat 133/workout03/binomial.Rcheck'
* using R version 3.5.2 (2018-12-20)
* using platform: x86_64-w64-mingw32 (64-bit)
* using session charset: ISO8859-1
* using options '--no-manual --as-cran'
* checking for file 'binomial/DESCRIPTION' ... OK
* checking extension type ... Package
* this is package 'binomial' version '0.1.0'
* package encoding: UTF-8
* checking package namespace information ... OK
* checking package dependencies ... OK
* checking if this is a source package ... OK
* checking if there is a namespace ... OK
* checking for executable files ... OK
* checking for hidden files and directories ... OK
* checking for portable file names ... OK
* checking serialization versions ... OK
* checking whether package 'binomial' can be installed ... OK
* checking installed package size ... OK
* checking package directory ... OK
* checking DESCRIPTION meta-information ... WARNING
Non-standard license specification:
  What license is it under?
Standardizable: FALSE
* checking top-level files ... OK
* checking for left-over files ... OK
* checking index information ... OK
* checking package subdirectories ... OK
* checking R files for non-ASCII characters ... OK
* checking R files for syntax errors ... OK
* checking whether the package can be loaded ... OK
* checking whether the package can be loaded with stated dependencies ... OK
* checking whether the package can be unloaded cleanly ... OK
* checking whether the namespace can be loaded with stated dependencies ... OK
* checking whether the namespace can be unloaded cleanly ... OK
* checking loading without being on the library search path ... OK
* checking dependencies in R code ... OK
* checking S3 generic/method consistency ... WARNING
plot:
  function(x, ...)
plot.bindis:
  function(bindis)

See section 'Generic functions and methods' in the 'Writing R
Extensions' manual.

Found the following apparent S3 methods exported but not registered:
  plot.bindis
See section 'Registering S3 methods' in the 'Writing R Extensions'
manual.
* checking replacement functions ... OK
* checking foreign function calls ... OK
* checking R code for possible problems ... NOTE
plot.bindis: no visible global function definition for 'barplot'
Undefined global functions or variables:
  barplot
Consider adding
  importFrom("graphics", "barplot")
to your NAMESPACE file.
* checking Rd files ... OK
* checking Rd metadata ... OK
* checking Rd line widths ... OK
* checking Rd cross-references ... OK
* checking for missing documentation entries ... WARNING
Undocumented code objects:
  'aux_kurtosis' 'aux_mean' 'aux_mode' 'aux_skewness' 'aux_variance'
  'bin_choose' 'bin_probability' 'check_prob' 'check_success'
  'check_trials' 'plot.bindis'
All user-level objects in a package should have documentation entries.
See chapter 'Writing R documentation files' in the 'Writing R
Extensions' manual.
* checking for code/documentation mismatches ... OK
* checking Rd \usage sections ... OK
* checking Rd contents ... OK
* checking for unstated dependencies in examples ... OK
* checking examples ... NONE
* DONE
Status: 3 WARNINGs, 1 NOTE
